2020-08-02 00:05:22,837 ERROR 13028 nodejs.ClusterClientNoResponseError: client no response in 131918ms exceeding maxIdleTime 60000ms, maybe the connection is close on other side.
    at Timeout._onTimeout (C:\Users\28067\Desktop\shopping\server\node_modules\_cluster-client@3.0.1@cluster-client\lib\leader.js:77:23)
    at listOnTimeout (internal/timers.js:549:17)
    at processTimers (internal/timers.js:492:7)
name: "ClusterClientNoResponseError"
pid: 13028
hostname: LAPTOP-Q8E1FL5T

2020-08-02 16:44:03,562 ERROR 30836 nodejs.ClusterClientNoResponseError: client no response in 1743973ms exceeding maxIdleTime 60000ms, maybe the connection is close on other side.
    at Timeout._onTimeout (C:\Users\28067\Desktop\shopping\server\node_modules\_cluster-client@3.0.1@cluster-client\lib\leader.js:77:23)
    at listOnTimeout (internal/timers.js:549:17)
    at processTimers (internal/timers.js:492:7)
name: "ClusterClientNoResponseError"
pid: 30836
hostname: LAPTOP-Q8E1FL5T

2020-08-02 17:17:56,082 ERROR 30836 nodejs.ClusterClientNoResponseError: client no response in 811870ms exceeding maxIdleTime 60000ms, maybe the connection is close on other side.
    at Timeout._onTimeout (C:\Users\28067\Desktop\shopping\server\node_modules\_cluster-client@3.0.1@cluster-client\lib\leader.js:77:23)
    at listOnTimeout (internal/timers.js:549:17)
    at processTimers (internal/timers.js:492:7)
name: "ClusterClientNoResponseError"
pid: 30836
hostname: LAPTOP-Q8E1FL5T

2020-08-02 18:55:07,632 ERROR 30836 nodejs.ClusterClientNoResponseError: client no response in 2331375ms exceeding maxIdleTime 60000ms, maybe the connection is close on other side.
    at Timeout._onTimeout (C:\Users\28067\Desktop\shopping\server\node_modules\_cluster-client@3.0.1@cluster-client\lib\leader.js:77:23)
    at listOnTimeout (internal/timers.js:549:17)
    at processTimers (internal/timers.js:492:7)
name: "ClusterClientNoResponseError"
pid: 30836
hostname: LAPTOP-Q8E1FL5T

2020-08-02 20:48:49,596 ERROR 30836 nodejs.ClusterClientNoResponseError: client no response in 1319456ms exceeding maxIdleTime 60000ms, maybe the connection is close on other side.
    at Timeout._onTimeout (C:\Users\28067\Desktop\shopping\server\node_modules\_cluster-client@3.0.1@cluster-client\lib\leader.js:77:23)
    at listOnTimeout (internal/timers.js:549:17)
    at processTimers (internal/timers.js:492:7)
name: "ClusterClientNoResponseError"
pid: 30836
hostname: LAPTOP-Q8E1FL5T

2020-08-02 21:54:25,561 ERROR 30836 nodejs.ClusterClientNoResponseError: client no response in 1975357ms exceeding maxIdleTime 60000ms, maybe the connection is close on other side.
    at Timeout._onTimeout (C:\Users\28067\Desktop\shopping\server\node_modules\_cluster-client@3.0.1@cluster-client\lib\leader.js:77:23)
    at listOnTimeout (internal/timers.js:549:17)
    at processTimers (internal/timers.js:492:7)
name: "ClusterClientNoResponseError"
pid: 30836
hostname: LAPTOP-Q8E1FL5T

2020-08-02 23:15:36,502 ERROR 30836 nodejs.ClusterClientNoResponseError: client no response in 3990322ms exceeding maxIdleTime 60000ms, maybe the connection is close on other side.
    at Timeout._onTimeout (C:\Users\28067\Desktop\shopping\server\node_modules\_cluster-client@3.0.1@cluster-client\lib\leader.js:77:23)
    at listOnTimeout (internal/timers.js:549:17)
    at processTimers (internal/timers.js:492:7)
name: "ClusterClientNoResponseError"
pid: 30836
hostname: LAPTOP-Q8E1FL5T

2020-08-03 13:31:44,406 ERROR 2296 nodejs.ClusterClientNoResponseError: client no response in 5416974ms exceeding maxIdleTime 60000ms, maybe the connection is close on other side.
    at Timeout._onTimeout (C:\Users\28067\Desktop\shopping\server\node_modules\_cluster-client@3.0.1@cluster-client\lib\leader.js:77:23)
    at listOnTimeout (internal/timers.js:549:17)
    at processTimers (internal/timers.js:492:7)
name: "ClusterClientNoResponseError"
pid: 2296
hostname: LAPTOP-Q8E1FL5T

2020-08-03 18:48:22,333 ERROR 2296 nodejs.ClusterClientNoResponseError: client no response in 336559ms exceeding maxIdleTime 60000ms, maybe the connection is close on other side.
    at Timeout._onTimeout (C:\Users\28067\Desktop\shopping\server\node_modules\_cluster-client@3.0.1@cluster-client\lib\leader.js:77:23)
    at listOnTimeout (internal/timers.js:549:17)
    at processTimers (internal/timers.js:492:7)
name: "ClusterClientNoResponseError"
pid: 2296
hostname: LAPTOP-Q8E1FL5T

2020-08-04 13:29:56,354 ERROR 1668 nodejs.ClusterClientNoResponseError: client no response in 1239556ms exceeding maxIdleTime 60000ms, maybe the connection is close on other side.
    at Timeout._onTimeout (C:\Users\28067\Desktop\shopping\server\node_modules\_cluster-client@3.0.1@cluster-client\lib\leader.js:77:23)
    at listOnTimeout (internal/timers.js:549:17)
    at processTimers (internal/timers.js:492:7)
name: "ClusterClientNoResponseError"
pid: 1668
hostname: LAPTOP-Q8E1FL5T

